Comentario ID: COM-001 registrado con éxito. Fecha: Mon Apr 13 12:08:51 CEST 2026
Comentario ID: COM-000000001 registrado con éxito. Fecha: Mon Apr 13 12:14:18 CEST 2026
Comentario ID: COM-000000002 registrado con éxito. Fecha: Mon Apr 13 12:14:18 CEST 2026
Comentario ID: COM-000000003 registrado con éxito. Fecha: Mon Apr 13 12:14:18 CEST 2026
Comentario ID: COM-000000004 registrado con éxito. Fecha: Mon Apr 13 12:14:18 CEST 2026
Comentario ID: COM-000000005 registrado con éxito. Fecha: Mon Apr 13 12:14:18 CEST 2026
Comentario ID: COM-000000006 registrado con éxito. Fecha: Mon Apr 13 12:14:18 CEST 2026
Comentario ID: COM-000000007 registrado con éxito. Fecha: Mon Apr 13 12:14:18 CEST 2026
Comentario ID: COM-000000008 registrado con éxito. Fecha: Mon Apr 13 12:14:19 CEST 2026
Comentario ID: COM-000000009 registrado con éxito. Fecha: Mon Apr 13 12:14:19 CEST 2026
Comentario ID: COM-000000010 registrado con éxito. Fecha: Mon Apr 13 12:14:19 CEST 2026
Comentario ID: COM-000000011 registrado con éxito. Fecha: Mon Apr 13 12:14:19 CEST 2026
Comentario ID: COM-000000012 registrado con éxito. Fecha: Mon Apr 13 12:14:19 CEST 2026
Comentario ID: COM-000000013 registrado con éxito. Fecha: Mon Apr 13 12:14:19 CEST 2026
Comentario ID: COM-000000014 registrado con éxito. Fecha: Mon Apr 13 12:14:19 CEST 2026
Comentario ID: COM-000000015 registrado con éxito. Fecha: Mon Apr 13 12:14:19 CEST 2026
Comentario ID: COM-000000016 registrado con éxito. Fecha: Mon Apr 13 12:14:19 CEST 2026
Comentario ID: COM-000000017 registrado con éxito. Fecha: Mon Apr 13 12:14:19 CEST 2026
Comentario ID: COM-000000018 registrado con éxito. Fecha: Mon Apr 13 12:14:20 CEST 2026
Comentario ID: COM-000000019 registrado con éxito. Fecha: Mon Apr 13 12:14:20 CEST 2026
Comentario ID: COM-000000020 registrado con éxito. Fecha: Mon Apr 13 12:14:20 CEST 2026
Comentario ID: COM-000000021 registrado con éxito. Fecha: Mon Apr 13 12:14:20 CEST 2026
Comentario ID: COM-000000022 registrado con éxito. Fecha: Mon Apr 13 12:14:20 CEST 2026
Comentario ID: COM-000000023 registrado con éxito. Fecha: Mon Apr 13 12:14:20 CEST 2026
Comentario ID: COM-000000024 registrado con éxito. Fecha: Mon Apr 13 12:14:20 CEST 2026
Comentario ID: COM-000000025 registrado con éxito. Fecha: Mon Apr 13 12:14:20 CEST 2026
Comentario ID: COM-000000026 registrado con éxito. Fecha: Mon Apr 13 12:14:20 CEST 2026
Comentario ID: COM-000000027 registrado con éxito. Fecha: Mon Apr 13 12:14:20 CEST 2026
Comentario ID: COM-000000028 registrado con éxito. Fecha: Mon Apr 13 12:14:20 CEST 2026
Comentario ID: COM-000000029 registrado con éxito. Fecha: Mon Apr 13 12:14:20 CEST 2026
Comentario ID: COM-000000030 registrado con éxito. Fecha: Mon Apr 13 12:14:20 CEST 2026
Comentario ID: COM-000000031 registrado con éxito. Fecha: Mon Apr 13 12:14:20 CEST 2026
Comentario ID: COM-000000032 registrado con éxito. Fecha: Mon Apr 13 12:14:21 CEST 2026
Comentario ID: COM-000000033 registrado con éxito. Fecha: Mon Apr 13 12:14:21 CEST 2026
Comentario ID: COM-000000034 registrado con éxito. Fecha: Mon Apr 13 12:14:21 CEST 2026
Comentario ID: COM-000000035 registrado con éxito. Fecha: Mon Apr 13 12:14:21 CEST 2026
Comentario ID: COM-000000036 registrado con éxito. Fecha: Mon Apr 13 12:14:21 CEST 2026
Comentario ID: COM-000000037 registrado con éxito. Fecha: Mon Apr 13 12:14:21 CEST 2026
Comentario ID: COM-000000038 registrado con éxito. Fecha: Mon Apr 13 12:14:21 CEST 2026
Comentario ID: COM-000000039 registrado con éxito. Fecha: Mon Apr 13 12:14:21 CEST 2026
Comentario ID: COM-000000040 registrado con éxito. Fecha: Mon Apr 13 12:14:21 CEST 2026
Comentario ID: COM-000000041 registrado con éxito. Fecha: Mon Apr 13 12:14:21 CEST 2026
Comentario ID: COM-000000042 registrado con éxito. Fecha: Mon Apr 13 12:14:21 CEST 2026
Comentario ID: COM-000000043 registrado con éxito. Fecha: Mon Apr 13 12:14:21 CEST 2026
Comentario ID: COM-000000044 registrado con éxito. Fecha: Mon Apr 13 12:14:21 CEST 2026
Comentario ID: COM-000000045 registrado con éxito. Fecha: Mon Apr 13 12:14:21 CEST 2026
Comentario ID: COM-000000046 registrado con éxito. Fecha: Mon Apr 13 12:14:21 CEST 2026
Comentario ID: COM-000000047 registrado con éxito. Fecha: Mon Apr 13 12:14:21 CEST 2026
Comentario ID: COM-000000048 registrado con éxito. Fecha: Mon Apr 13 12:14:22 CEST 2026
Comentario ID: COM-000000049 registrado con éxito. Fecha: Mon Apr 13 12:14:22 CEST 2026
Comentario ID: COM-000000050 registrado con éxito. Fecha: Mon Apr 13 12:14:22 CEST 2026
Incidencia ID: INC-000000001 registrada con éxito. Fecha: Mon Apr 13 14:01:19 CEST 2026
Incidencia ID: INC-000000002 registrada con éxito. Fecha: Mon Apr 13 14:01:19 CEST 2026
Incidencia ID: INC-000000003 registrada con éxito. Fecha: Mon Apr 13 14:01:19 CEST 2026
Incidencia ID: INC-000000004 registrada con éxito. Fecha: Mon Apr 13 14:01:19 CEST 2026
Incidencia ID: INC-000000005 registrada con éxito. Fecha: Mon Apr 13 14:01:19 CEST 2026
Incidencia ID: INC-000000006 registrada con éxito. Fecha: Mon Apr 13 14:01:20 CEST 2026
Incidencia ID: INC-000000007 registrada con éxito. Fecha: Mon Apr 13 14:01:20 CEST 2026
Incidencia ID: INC-000000008 registrada con éxito. Fecha: Mon Apr 13 14:01:20 CEST 2026
Incidencia ID: INC-000000009 registrada con éxito. Fecha: Mon Apr 13 14:01:20 CEST 2026
Incidencia ID: INC-000000010 registrada con éxito. Fecha: Mon Apr 13 14:01:20 CEST 2026
Incidencia ID: INC-000000011 registrada con éxito. Fecha: Mon Apr 13 14:01:20 CEST 2026
Incidencia ID: INC-000000012 registrada con éxito. Fecha: Mon Apr 13 14:01:20 CEST 2026
Incidencia ID: INC-000000013 registrada con éxito. Fecha: Mon Apr 13 14:01:20 CEST 2026
Incidencia ID: INC-000000014 registrada con éxito. Fecha: Mon Apr 13 14:01:21 CEST 2026
Incidencia ID: INC-000000015 registrada con éxito. Fecha: Mon Apr 13 14:01:21 CEST 2026
Incidencia ID: INC-000000016 registrada con éxito. Fecha: Mon Apr 13 14:01:21 CEST 2026
Incidencia ID: INC-000000017 registrada con éxito. Fecha: Mon Apr 13 14:01:21 CEST 2026
Incidencia ID: INC-000000018 registrada con éxito. Fecha: Mon Apr 13 14:01:21 CEST 2026
Incidencia ID: INC-000000019 registrada con éxito. Fecha: Mon Apr 13 14:01:21 CEST 2026
Incidencia ID: INC-000000020 registrada con éxito. Fecha: Mon Apr 13 14:01:21 CEST 2026
Incidencia ID: INC-000000021 registrada con éxito. Fecha: Mon Apr 13 14:01:21 CEST 2026
Incidencia ID: INC-000000022 registrada con éxito. Fecha: Mon Apr 13 14:01:21 CEST 2026
Incidencia ID: INC-000000023 registrada con éxito. Fecha: Mon Apr 13 14:01:21 CEST 2026
Incidencia ID: INC-000000024 registrada con éxito. Fecha: Mon Apr 13 14:01:22 CEST 2026
Incidencia ID: INC-000000025 registrada con éxito. Fecha: Mon Apr 13 14:01:22 CEST 2026
Incidencia ID: INC-000000026 registrada con éxito. Fecha: Mon Apr 13 14:01:22 CEST 2026
Incidencia ID: INC-000000027 registrada con éxito. Fecha: Mon Apr 13 14:01:22 CEST 2026
Incidencia ID: INC-000000028 registrada con éxito. Fecha: Mon Apr 13 14:01:22 CEST 2026
Incidencia ID: INC-000000029 registrada con éxito. Fecha: Mon Apr 13 14:01:22 CEST 2026
Incidencia ID: INC-000000030 registrada con éxito. Fecha: Mon Apr 13 14:01:22 CEST 2026
Incidencia ID: INC-001 registrada con éxito. Fecha: Mon Apr 13 14:11:55 CEST 2026
Incidencia ID: INC-002 registrada con éxito. Fecha: Mon Apr 13 14:11:55 CEST 2026
Incidencia ID: INC-003 registrada con éxito. Fecha: Mon Apr 13 14:11:56 CEST 2026
Incidencia ID: INC-004 registrada con éxito. Fecha: Mon Apr 13 14:11:56 CEST 2026
Incidencia ID: INC-005 registrada con éxito. Fecha: Mon Apr 13 14:11:56 CEST 2026
Incidencia ID: INC-006 registrada con éxito. Fecha: Mon Apr 13 14:11:56 CEST 2026
Incidencia ID: INC-007 registrada con éxito. Fecha: Mon Apr 13 14:11:56 CEST 2026
Incidencia ID: INC-008 registrada con éxito. Fecha: Mon Apr 13 14:11:56 CEST 2026
Incidencia ID: INC-009 registrada con éxito. Fecha: Mon Apr 13 14:11:56 CEST 2026
Incidencia ID: INC-010 registrada con éxito. Fecha: Mon Apr 13 14:11:56 CEST 2026
Incidencia ID: INC-011 registrada con éxito. Fecha: Mon Apr 13 14:11:56 CEST 2026
Incidencia ID: INC-012 registrada con éxito. Fecha: Mon Apr 13 14:11:56 CEST 2026
Incidencia ID: INC-013 registrada con éxito. Fecha: Mon Apr 13 14:11:57 CEST 2026
Incidencia ID: INC-014 registrada con éxito. Fecha: Mon Apr 13 14:11:57 CEST 2026
Incidencia ID: INC-015 registrada con éxito. Fecha: Mon Apr 13 14:11:57 CEST 2026
Incidencia ID: INC-016 registrada con éxito. Fecha: Mon Apr 13 14:11:57 CEST 2026
Incidencia ID: INC-017 registrada con éxito. Fecha: Mon Apr 13 14:11:57 CEST 2026
Incidencia ID: INC-018 registrada con éxito. Fecha: Mon Apr 13 14:11:57 CEST 2026
Incidencia ID: INC-019 registrada con éxito. Fecha: Mon Apr 13 14:11:57 CEST 2026
Incidencia ID: INC-020 registrada con éxito. Fecha: Mon Apr 13 14:11:57 CEST 2026
Incidencia ID: INC-021 registrada con éxito. Fecha: Mon Apr 13 14:11:57 CEST 2026
Incidencia ID: INC-022 registrada con éxito. Fecha: Mon Apr 13 14:11:57 CEST 2026
Incidencia ID: INC-023 registrada con éxito. Fecha: Mon Apr 13 14:11:57 CEST 2026
Incidencia ID: INC-024 registrada con éxito. Fecha: Mon Apr 13 14:11:58 CEST 2026
Incidencia ID: INC-025 registrada con éxito. Fecha: Mon Apr 13 14:11:58 CEST 2026
Incidencia ID: INC-026 registrada con éxito. Fecha: Mon Apr 13 14:11:58 CEST 2026
Incidencia ID: INC-027 registrada con éxito. Fecha: Mon Apr 13 14:11:58 CEST 2026
Incidencia ID: INC-028 registrada con éxito. Fecha: Mon Apr 13 14:11:58 CEST 2026
Incidencia ID: INC-029 registrada con éxito. Fecha: Mon Apr 13 14:11:58 CEST 2026
Incidencia ID: INC-030 registrada con éxito. Fecha: Mon Apr 13 14:11:58 CEST 2026
Usuario Elena García Administradora guardado con éxito en Firestore. Fecha: Mon Apr 13 14:17:27 CEST 2026
Usuario Carlos Méndez Pozo guardado con éxito en Firestore. Fecha: Mon Apr 13 14:17:27 CEST 2026
Usuario Andrés López Vecino guardado con éxito en Firestore. Fecha: Mon Apr 13 14:17:27 CEST 2026
Usuario Lucía Sanz Alba guardado con éxito en Firestore. Fecha: Mon Apr 13 14:17:27 CEST 2026
Usuario Roberto Jara Sistemas guardado con éxito en Firestore. Fecha: Mon Apr 13 14:17:27 CEST 2026
Usuario Marta Herrero Polo guardado con éxito en Firestore. Fecha: Mon Apr 13 14:17:27 CEST 2026
Usuario Javier Luz Jiménez guardado con éxito en Firestore. Fecha: Mon Apr 13 14:17:27 CEST 2026
Usuario Sara Vila Real guardado con éxito en Firestore. Fecha: Mon Apr 13 14:17:28 CEST 2026
Usuario Pedro Martínez Pino guardado con éxito en Firestore. Fecha: Mon Apr 13 14:17:28 CEST 2026
Usuario Laura Gestora Ruiz guardado con éxito en Firestore. Fecha: Mon Apr 13 14:17:28 CEST 2026
Usuario Felipe González Rey guardado con éxito en Firestore. Fecha: Mon Apr 13 14:17:28 CEST 2026
Usuario Ana Cerrajería Marín guardado con éxito en Firestore. Fecha: Mon Apr 13 14:17:28 CEST 2026
Usuario Manolo Pintos Vega guardado con éxito en Firestore. Fecha: Mon Apr 13 14:17:28 CEST 2026
Usuario Cristina Obra Cano guardado con éxito en Firestore. Fecha: Mon Apr 13 14:17:28 CEST 2026
Usuario Jorge Luna Sol guardado con éxito en Firestore. Fecha: Mon Apr 13 14:17:28 CEST 2026
Usuario Raúl Sanz Giner guardado con éxito en Firestore. Fecha: Mon Apr 13 14:17:28 CEST 2026
Usuario Carmen Jara Ocaña guardado con éxito en Firestore. Fecha: Mon Apr 13 14:17:29 CEST 2026
Usuario Miguel Seguridad Paz guardado con éxito en Firestore. Fecha: Mon Apr 13 14:17:29 CEST 2026
Usuario Sonia López Gila guardado con éxito en Firestore. Fecha: Mon Apr 13 14:17:29 CEST 2026
Usuario Iván Pérez Alto guardado con éxito en Firestore. Fecha: Mon Apr 13 14:17:29 CEST 2026
Usuario ID: USR-000000001 cambio de estado a ELIMINADO. Fecha: Wed Apr 15 08:32:00 CEST 2026
Usuario ID: USR-000000001 cambio de estado a ACTIVO. Fecha: Wed Apr 15 08:32:43 CEST 2026
Incidencia ID: INC-001 registrada con éxito. Fecha: Thu Apr 16 09:39:21 CEST 2026
Incidencia ID: INC-002 registrada con éxito. Fecha: Thu Apr 16 09:39:21 CEST 2026
Incidencia ID: INC-003 registrada con éxito. Fecha: Thu Apr 16 09:39:21 CEST 2026
Incidencia ID: INC-004 registrada con éxito. Fecha: Thu Apr 16 09:39:22 CEST 2026
Incidencia ID: INC-005 registrada con éxito. Fecha: Thu Apr 16 09:39:22 CEST 2026
Incidencia ID: INC-006 registrada con éxito. Fecha: Thu Apr 16 09:39:22 CEST 2026
Incidencia ID: INC-007 registrada con éxito. Fecha: Thu Apr 16 09:39:22 CEST 2026
Incidencia ID: INC-008 registrada con éxito. Fecha: Thu Apr 16 09:39:22 CEST 2026
Incidencia ID: INC-009 registrada con éxito. Fecha: Thu Apr 16 09:39:22 CEST 2026
Incidencia ID: INC-010 registrada con éxito. Fecha: Thu Apr 16 09:39:22 CEST 2026
Incidencia ID: INC-011 registrada con éxito. Fecha: Thu Apr 16 09:39:22 CEST 2026
Incidencia ID: INC-012 registrada con éxito. Fecha: Thu Apr 16 09:39:22 CEST 2026
Incidencia ID: INC-013 registrada con éxito. Fecha: Thu Apr 16 09:39:23 CEST 2026
Incidencia ID: INC-014 registrada con éxito. Fecha: Thu Apr 16 09:39:23 CEST 2026
Incidencia ID: INC-015 registrada con éxito. Fecha: Thu Apr 16 09:39:23 CEST 2026
Incidencia ID: INC-016 registrada con éxito. Fecha: Thu Apr 16 09:39:23 CEST 2026
Incidencia ID: INC-017 registrada con éxito. Fecha: Thu Apr 16 09:39:23 CEST 2026
Incidencia ID: INC-018 registrada con éxito. Fecha: Thu Apr 16 09:39:23 CEST 2026
Incidencia ID: INC-019 registrada con éxito. Fecha: Thu Apr 16 09:39:23 CEST 2026
Incidencia ID: INC-020 registrada con éxito. Fecha: Thu Apr 16 09:39:23 CEST 2026
Incidencia ID: INC-003 registrada con éxito. Fecha: Fri Apr 17 13:34:29 CEST 2026
Incidencia ID: INC-001 registrada con éxito. Fecha: Fri Apr 17 13:38:17 CEST 2026
Incidencia ID: INC-002 registrada con éxito. Fecha: Fri Apr 17 13:38:17 CEST 2026
Incidencia ID: INC-003 registrada con éxito. Fecha: Fri Apr 17 13:38:17 CEST 2026
Incidencia ID: INC-004 registrada con éxito. Fecha: Fri Apr 17 13:38:18 CEST 2026
Incidencia ID: INC-005 registrada con éxito. Fecha: Fri Apr 17 13:38:18 CEST 2026
Incidencia ID: INC-006 registrada con éxito. Fecha: Fri Apr 17 13:38:18 CEST 2026
Incidencia ID: INC-007 registrada con éxito. Fecha: Fri Apr 17 13:38:18 CEST 2026
Incidencia ID: INC-008 registrada con éxito. Fecha: Fri Apr 17 13:38:18 CEST 2026
Incidencia ID: INC-009 registrada con éxito. Fecha: Fri Apr 17 13:38:18 CEST 2026
Incidencia ID: INC-010 registrada con éxito. Fecha: Fri Apr 17 13:38:18 CEST 2026
Incidencia ID: INC-011 registrada con éxito. Fecha: Fri Apr 17 13:38:18 CEST 2026
Incidencia ID: INC-012 registrada con éxito. Fecha: Fri Apr 17 13:38:18 CEST 2026
Incidencia ID: INC-013 registrada con éxito. Fecha: Fri Apr 17 13:38:18 CEST 2026
Incidencia ID: INC-014 registrada con éxito. Fecha: Fri Apr 17 13:38:18 CEST 2026
Incidencia ID: INC-015 registrada con éxito. Fecha: Fri Apr 17 13:38:19 CEST 2026
Incidencia ID: INC-016 registrada con éxito. Fecha: Fri Apr 17 13:38:19 CEST 2026
Incidencia ID: INC-017 registrada con éxito. Fecha: Fri Apr 17 13:38:19 CEST 2026
Incidencia ID: INC-018 registrada con éxito. Fecha: Fri Apr 17 13:38:19 CEST 2026
Incidencia ID: INC-019 registrada con éxito. Fecha: Fri Apr 17 13:38:19 CEST 2026
Incidencia ID: INC-020 registrada con éxito. Fecha: Fri Apr 17 13:38:19 CEST 2026
Incidencia ID: INC-001 registrada con éxito. Fecha: Fri Apr 17 20:24:37 CEST 2026
Incidencia ID: INC-002 registrada con éxito. Fecha: Fri Apr 17 20:24:38 CEST 2026
Incidencia ID: INC-003 registrada con éxito. Fecha: Fri Apr 17 20:24:38 CEST 2026
Incidencia ID: INC-004 registrada con éxito. Fecha: Fri Apr 17 20:24:38 CEST 2026
Incidencia ID: INC-005 registrada con éxito. Fecha: Fri Apr 17 20:24:38 CEST 2026
Incidencia ID: INC-006 registrada con éxito. Fecha: Fri Apr 17 20:24:38 CEST 2026
Incidencia ID: INC-007 registrada con éxito. Fecha: Fri Apr 17 20:24:38 CEST 2026
Incidencia ID: INC-008 registrada con éxito. Fecha: Fri Apr 17 20:24:38 CEST 2026
Incidencia ID: INC-009 registrada con éxito. Fecha: Fri Apr 17 20:24:38 CEST 2026
Incidencia ID: INC-010 registrada con éxito. Fecha: Fri Apr 17 20:24:38 CEST 2026
Incidencia ID: INC-011 registrada con éxito. Fecha: Fri Apr 17 20:24:39 CEST 2026
Incidencia ID: INC-012 registrada con éxito. Fecha: Fri Apr 17 20:24:39 CEST 2026
Incidencia ID: INC-013 registrada con éxito. Fecha: Fri Apr 17 20:24:39 CEST 2026
Incidencia ID: INC-014 registrada con éxito. Fecha: Fri Apr 17 20:24:39 CEST 2026
Incidencia ID: INC-015 registrada con éxito. Fecha: Fri Apr 17 20:24:39 CEST 2026
Incidencia ID: INC-016 registrada con éxito. Fecha: Fri Apr 17 20:24:39 CEST 2026
Incidencia ID: INC-017 registrada con éxito. Fecha: Fri Apr 17 20:24:39 CEST 2026
Incidencia ID: INC-018 registrada con éxito. Fecha: Fri Apr 17 20:24:39 CEST 2026
Incidencia ID: INC-019 registrada con éxito. Fecha: Fri Apr 17 20:24:39 CEST 2026
Incidencia ID: INC-020 registrada con éxito. Fecha: Fri Apr 17 20:24:39 CEST 2026
Usuario Fernando Ramos Murillo guardado con éxito en Firestore. Fecha: Sun May 03 16:41:28 CEST 2026
Usuario Fernando Ramos Murillo guardado con éxito en Firestore. Fecha: Sun May 03 16:54:21 CEST 2026
Usuario Fernando Ramos Murillo guardado con éxito en Firestore. Fecha: Sun May 03 17:09:42 CEST 2026
Usuario Fernando Ramos Murillo guardado con éxito en Firestore. Fecha: Sun May 03 17:11:21 CEST 2026
Usuario Fernando Ramos Murillo guardado con éxito en Firestore. Fecha: Sun May 03 17:15:09 CEST 2026
Usuario Fernando Ramos Murillo guardado con éxito en Firestore. Fecha: Sun May 03 17:53:51 CEST 2026
Usuario Fernando Ramos Murillo guardado con éxito en Firestore. Fecha: Tue May 05 20:45:07 CEST 2026
Usuario Fernando Ramos Murillo guardado con éxito en Firestore. Fecha: Tue May 05 21:21:00 CEST 2026
Usuario Pedro Ramos perez guardado con éxito en Firestore. Fecha: Tue May 05 21:23:50 CEST 2026
Usuario Fernando Ramos Murillo guardado con éxito en Firestore. Fecha: Wed May 06 14:16:11 CEST 2026
Incidencia ID: INC-001 registrada con éxito. Fecha: Sat May 09 14:35:38 CEST 2026
Incidencia ID: INC-002 registrada con éxito. Fecha: Sat May 09 14:35:38 CEST 2026
Incidencia ID: INC-003 registrada con éxito. Fecha: Sat May 09 14:35:38 CEST 2026
Incidencia ID: INC-004 registrada con éxito. Fecha: Sat May 09 14:35:38 CEST 2026
Incidencia ID: INC-005 registrada con éxito. Fecha: Sat May 09 14:35:38 CEST 2026
Incidencia ID: INC-006 registrada con éxito. Fecha: Sat May 09 14:35:39 CEST 2026
Incidencia ID: INC-007 registrada con éxito. Fecha: Sat May 09 14:35:39 CEST 2026
Incidencia ID: INC-008 registrada con éxito. Fecha: Sat May 09 14:35:39 CEST 2026
Incidencia ID: INC-009 registrada con éxito. Fecha: Sat May 09 14:35:39 CEST 2026
Incidencia ID: INC-010 registrada con éxito. Fecha: Sat May 09 14:35:39 CEST 2026
Incidencia ID: INC-011 registrada con éxito. Fecha: Sat May 09 14:35:40 CEST 2026
Incidencia ID: INC-012 registrada con éxito. Fecha: Sat May 09 14:35:40 CEST 2026
Incidencia ID: INC-013 registrada con éxito. Fecha: Sat May 09 14:35:40 CEST 2026
Incidencia ID: INC-014 registrada con éxito. Fecha: Sat May 09 14:35:40 CEST 2026
Incidencia ID: INC-015 registrada con éxito. Fecha: Sat May 09 14:35:40 CEST 2026
Incidencia ID: INC-016 registrada con éxito. Fecha: Sat May 09 14:35:40 CEST 2026
Incidencia ID: INC-017 registrada con éxito. Fecha: Sat May 09 14:35:41 CEST 2026
Incidencia ID: INC-018 registrada con éxito. Fecha: Sat May 09 14:35:41 CEST 2026
Incidencia ID: INC-019 registrada con éxito. Fecha: Sat May 09 14:35:41 CEST 2026
Incidencia ID: INC-020 registrada con éxito. Fecha: Sat May 09 14:35:41 CEST 2026
Incidencia ID: zsh2BIHyA6QkD29oDESz registrada con éxito. Fecha: Sun May 10 14:50:50 CEST 2026
Usuario Fernando Ramos Murillo guardado con éxito en Firestore. Fecha: Sun May 10 15:53:34 CEST 2026
Incidencia ID: SbvGBfl7Aeiq0lL3r1T1 registrada con éxito. Fecha: Sun May 10 16:20:12 CEST 2026
Incidencia ID: dhYZZBgR3if0UHl6GDac registrada con éxito. Fecha: Sun May 10 22:47:41 CEST 2026
Incidencia ID: TkTrP2u3mVeoiE2tczVJ registrada con éxito. Fecha: Sun May 10 22:57:55 CEST 2026
Incidencia ID: S4vPBsghHntSP9yQZNlG registrada con éxito. Fecha: Sun May 10 23:01:37 CEST 2026
Incidencia ID: 3mo4xA6t53YjRplJXhfA registrada con éxito. Fecha: Sun May 10 23:12:17 CEST 2026
Incidencia ID: fpZogjNx63BkOmiWRQxo registrada con éxito. Fecha: Sun May 10 23:42:58 CEST 2026
Incidencia ID: ZX1XZat39NN6y1fpgnkz registrada con éxito. Fecha: Mon May 11 16:02:39 CEST 2026
Incidencia ID: wEvCMRXWN8GhMG0WWLtq registrada con éxito. Fecha: Tue May 12 09:10:27 CEST 2026
Incidencia ID: Qm2GNIoKbMjQl2uHW4my registrada con éxito. Fecha: Tue May 12 09:13:45 CEST 2026
Incidencia ID: btEkRvXWNMIPFVLwIsyH registrada con éxito. Fecha: Tue May 12 09:25:39 CEST 2026
Incidencia ID: eLuIG8FYGeL4DBr7xj9S registrada con éxito. Fecha: Tue May 12 10:53:50 CEST 2026
Usuario Fernando Ramos Murillo guardado con éxito en Firestore. Fecha: Tue May 12 11:53:10 CEST 2026
Usuario Fernando Ramos Murillo guardado con éxito en Firestore. Fecha: Tue May 12 12:17:12 CEST 2026
Incidencia ID: PmvNaw601nXye9a1SFO8 registrada con éxito. Fecha: Tue May 12 12:32:57 CEST 2026
Incidencia ID: 6NGvHWhCwWdC3XlfSK9P registrada con éxito. Fecha: Tue May 12 13:24:20 CEST 2026
Incidencia ID: v8DHwyj3dEh4Kl1pQMUV registrada con éxito. Fecha: Tue May 12 13:29:52 CEST 2026
Incidencia ID: D7nAxjLV9ZQzM9h7cy0S registrada con éxito. Fecha: Tue May 12 13:30:26 CEST 2026
Incidencia ID: 8vnfsX6zjdQHBr49z88l registrada con éxito. Fecha: Tue May 12 13:46:41 CEST 2026
Incidencia ID: zsAMgrfhPUrvQ6EmbEh6 registrada con éxito. Fecha: Tue May 12 13:51:38 CEST 2026
Incidencia ID: K3ozsGcgKCqSFza1F8XJ registrada con éxito. Fecha: Tue May 12 13:54:26 CEST 2026
Incidencia ID: zkke4laOCIneov3PQhjS registrada con éxito. Fecha: Tue May 12 13:56:19 CEST 2026
Incidencia ID: RfW7sNvPPGVJSyds82Cq registrada con éxito. Fecha: Tue May 12 14:06:29 CEST 2026
Usuario ID: 1V8Ct4D8h7hfCaKtaLM2qY6liQE2 [Fernando] modificado correctamente. Fecha: Tue May 12 14:06:31 CEST 2026
Incidencia ID: pf9EgU6XbGt9IO9gHIkj registrada con éxito. Fecha: Tue May 12 16:03:54 CEST 2026
Usuario ID: 1V8Ct4D8h7hfCaKtaLM2qY6liQE2 [Fernando] modificado correctamente. Fecha: Tue May 12 16:03:56 CEST 2026
Usuario Fernando Ramos Murillo guardado con éxito en Firestore. Fecha: Wed May 13 13:01:09 CEST 2026
Usuario Fernando Ramos Murillo guardado con éxito en Firestore. Fecha: Wed May 13 13:40:01 CEST 2026
Usuario Fernando Ramos Murillo guardado con éxito en Firestore. Fecha: Wed May 13 13:41:15 CEST 2026
Usuario Fernando Ramos Murillo guardado con éxito en Firestore. Fecha: Wed May 13 13:42:31 CEST 2026
